This is TeX, Version 3.14159 (Web2C 7.3.1) (format=latex 2001.3.27)  15 SEP 2002 19:37
**slidesAGP02.tex
(slidesAGP02.tex
LaTeX2e <1999/12/01> patch level 1
Babel <v3.6Z> and hyphenation patterns for american, french, german, ngerman, i
talian, portuges, russian, spanish, nohyphenation, loaded.
(/home/susana/local/src/prosper/prosper.cls
Document Class: prosper 2000/11/02, v. 1.0h
(c) 2000 Frederic Goualard, CWI, The Netherlands
CVSId: $Id: prosper.cls,v 1.1.1.1 2000/11/28 11:15:12 exupery Exp $
 
(/usr/share/texmf/tex/latex/seminar/seminar.cls
Document Class: seminar 1997/10/13, 1.4
Document Style: `seminar' v1.4 <1997/10/13> (tvz)
\slidewidth=\dimen102
\slideheight=\dimen103
\footheight=\dimen104
(/usr/share/texmf/tex/latex/base/article.cls
Document Class: article 1999/09/10 v1.4a Standard LaTeX document class
(/usr/share/texmf/tex/latex/base/leqno.clo
File: leqno.clo 1998/08/17 v1.1c Standard LaTeX option (left equation numbers)
)
(/usr/share/texmf/tex/latex/base/size10.clo
File: size10.clo 1999/09/10 v1.4a Standard LaTeX file (size option)
)
\c@part=\count79
\c@section=\count80
\c@subsection=\count81
\c@subsubsection=\count82
\c@paragraph=\count83
\c@subparagraph=\count84
\c@figure=\count85
\c@table=\count86
\abovecaptionskip=\skip41
\belowcaptionskip=\skip42
\bibindent=\dimen105
)
(/usr/share/texmf/tex/latex/seminar/sem-page.sty)
\before@document=\toks14
\after@document=\toks15
\before@enddocument=\toks16
\c@slide=\count87
\slide@count=\count88
\@slidebox=\box26
\not@slidebox=\box27
\slide@hook=\toks17
\after@slide=\toks18
\slide@footins=\insert233
\slide@listdepth=\count89
\saved@specials=\box28
\before@newslide=\toks19
\after@slidepage=\toks20
\slidesep=\skip43
\c@note=\count90
\slideframewidth=\dimen106
\slideframesep=\dimen107
\semin=\dimen108
\semcm=\dimen109
)
(/usr/share/texmf/tex/latex/config/seminar.con)
(/usr/share/texmf/tex/latex/seminar/semcolor.sty
Style Option: `semcolor' for doc style `seminar' 1.0 <93/04/01> (tvz)
(/usr/share/texmf/tex/generic/pstricks/pstricks.tex
`PSTricks' v97 patch 10  <1999/03/24> (tvz)
\pst@dima=\dimen110
\pst@dimb=\dimen111
\pst@dimc=\dimen112
\pst@dimd=\dimen113
\pst@dimg=\dimen114
\pst@dimh=\dimen115
\pst@hbox=\box29
\pst@boxg=\box30
\pst@cnta=\count91
\pst@cntb=\count92
\pst@cntc=\count93
\pst@cntd=\count94
\pst@cntg=\count95
\pst@cnth=\count96
\pst@toks=\toks21
(/usr/share/texmf/tex/generic/pstricks/pstricks.con)
\psunit=\dimen116
\psxunit=\dimen117
\psyunit=\dimen118
\pslinewidth=\dimen119
\pst@customdefs=\toks22
\pslinearc=\dimen120
\everypsbox=\toks23
\psframesep=\dimen121
\pslabelsep=\dimen122
\theoverlaybox=\box31
))
(/usr/share/texmf/tex/latex/seminar/semlayer.sty
\@@slidebox=\box32
\c@overlay=\count97
)
(/usr/share/texmf/tex/latex/graphics/graphicx.sty
Package: graphicx 1999/02/16 v1.0f Enhanced LaTeX Graphics (DPC,SPQR)

(/usr/share/texmf/tex/latex/graphics/keyval.sty
Package: keyval 1999/03/16 v1.13 key=value parser (DPC)
\KV@toks@=\toks24
)
(/usr/share/texmf/tex/latex/graphics/graphics.sty
Package: graphics 1999/02/16 v1.0l Standard LaTeX Graphics (DPC,SPQR)

(/usr/share/texmf/tex/latex/graphics/trig.sty
Package: trig 1999/03/16 v1.09 sin cos tan (DPC)
)
(/usr/share/texmf/tex/latex/config/graphics.cfg)
Package graphics Info: Driver file: dvips.def on input line 80.

(/usr/share/texmf/tex/latex/graphics/dvips.def
File: dvips.def 1999/02/16 v3.0i Driver-dependant file (DPC,SPQR)
))
\Gin@req@height=\dimen123
\Gin@req@width=\dimen124
)
(/usr/share/texmf/tex/latex/hyperref/hyperref.sty
Package: hyperref 2000/05/08 v6.70f Hypertext links for LaTeX
\@linkdim=\dimen125
\Hy@linkcounter=\count98
\Hy@pagecounter=\count99

(/usr/share/texmf/tex/latex/hyperref/pd1enc.def
File: pd1enc.def 2000/05/08 v6.70f Hyperref: PDFDocEncoding definition (HO)
)
Package hyperref Info: Option `bookmarks' set `true' on input line 1425.
Package hyperref Info: Option `pdffitwindow' set `true' on input line 1425.
Package hyperref Info: Option `pdfcenterwindow' set `true' on input line 1425.
Package hyperref Info: Bookmarks ON on input line 1483.
Package hyperref Info: Hyper figures OFF on input line 1502.
Package hyperref Info: Link nesting OFF on input line 1507.
Package hyperref Info: Hyper index ON on input line 1510.
Package hyperref Info: Plain pages ON on input line 1515.
Package hyperref Info: Backreferencing OFF on input line 1522.

Implicit mode ON; LaTeX internals redefined
(/usr/share/texmf/tex/latex/html/url.sty
Package: url 1999/03/02  ver 1.4  Verb mode for urls, email addresses, and file
 names
)
\Fld@menulength=\count100
\Field@Width=\dimen126
\Fld@charsize=\dimen127
\Choice@toks=\toks25
\Field@toks=\toks26
Package hyperref Info: Hyper figures OFF on input line 2153.
Package hyperref Info: Link nesting OFF on input line 2158.
Package hyperref Info: Hyper index ON on input line 2161.
Package hyperref Info: backreferencing OFF on input line 2168.
Package hyperref Info: Link coloring OFF on input line 2173.
\c@Item=\count101
\c@Hfootnote=\count102
)
*hyperref using driver hdvips*
(/usr/share/texmf/tex/latex/hyperref/hdvips.def
File: hdvips.def 2000/05/08 v6.70f Hyperref driver for dvips

(/usr/share/texmf/tex/latex/hyperref/pdfmark.def
File: pdfmark.def 2000/05/08 v6.70f Hyperref definitions for pdfmark specials
\pdf@docset=\toks27
\pdf@box=\box33
\pdf@toks=\toks28
\pdf@defaulttoks=\toks29
\Fld@listcount=\count103
\@outlinefile=\write3
))
\slideWidth=\skip44
\c@trueSlideCounter=\count104

(/home/susana/local/src/prosper/PPRcontemporain.sty
Package: PPRcontemporain 2000/04/18

`Contemporain' style for prosper ---
(c) 2000 Frederic Goualard, IRIN, France
CVSId: $Id: PPRcontemporain.sty,v 1.1.1.1 2000/11/28 11:15:11 exupery Exp $
 
(/usr/share/texmf/tex/latex/amsfonts/amssymb.sty
Package: amssymb 1996/11/03 v2.2b

(/usr/share/texmf/tex/latex/amsfonts/amsfonts.sty
Package: amsfonts 1997/09/17 v2.2e
\@emptytoks=\toks30
\symAMSa=\mathgroup4
\symAMSb=\mathgroup5
LaTeX Font Info:    Overwriting math alphabet `\mathfrak' in version `bold'
(Font)                  U/euf/m/n --> U/euf/b/n on input line 133.
))
(/usr/share/texmf/tex/latex/seminar/semhelv.sty
Style Option: `semhelv' for the `seminar' doc style 1.2 <1998/07/24> (tvz)
Modified by Stefan (see source for details)
LaTeX Font Info:    Font shape `OT1/helvetica/m/n' will be
(Font)              scaled to size 8.20007pt on input line 176.
))
\c@item@step=\count105
\c@overlay@page=\count106
\theoverlays=\box34
\c@overlaysCount=\count107
\c@limitOverlays=\count108
) (/usr/share/texmf/tex/latex/base/inputenc.sty
Package: inputenc 1999/09/17 v0.992 Input encoding file 

(/usr/share/texmf/tex/latex/base/latin1.def
File: latin1.def 1999/09/17 v0.992 Input encoding file 
))
(/usr/share/texmf/tex/generic/pstricks/pstricks.sty
Package: pstricks 1997/03/25 package wrapper for PSTricks pstricks.tex

(/usr/share/texmf/tex/generic/pstricks/pstricks.tex))
(/usr/share/texmf/tex/generic/pstricks/pst-node.sty
Package: pst-node 1997/03/25 package wrapper for PSTricks pst-node.tex

(/usr/share/texmf/tex/generic/pstricks/pst-node.tex  v97 patch 9, 1999/04/14
\psrow=\count109
\pscol=\count110
\psmatrixcnt=\count111
\psrowsep=\skip45
\pscolsep=\skip46
))
(/usr/share/texmf/tex/generic/pstricks/pst-text.sty
Package: pst-text 1997/03/25 package wrapper for PSTricks pst-text.tex

(/usr/share/texmf/tex/generic/pstricks/pst-text.tex  v97, 1997/03/25))
(/usr/share/texmf/tex/generic/pstricks/pst-3d.sty
Package: pst-3d 1997/03/25 package wrapper for PSTricks pst-3d.tex

(/usr/share/texmf/tex/generic/pstricks/pst-3d.tex  v97, 1997/03/25))
(/usr/share/texmf/tex/latex/amsmath/amsmath.sty
Package: amsmath 2000/01/15 v2.05 AMS math features
\@mathmargin=\skip47

For additional information on amsmath, use the `?' option.
(/usr/share/texmf/tex/latex/amsmath/amstext.sty
Package: amstext 1999/11/15 v2.0

(/usr/share/texmf/tex/latex/amsmath/amsgen.sty
File: amsgen.sty 1999/11/30 v2.0
\@emptytoks=\toks31
\ex@=\dimen128
))
(/usr/share/texmf/tex/latex/amsmath/amsbsy.sty
Package: amsbsy 1999/11/29 v1.2d
\pmbraise@=\dimen129
)
(/usr/share/texmf/tex/latex/amsmath/amsopn.sty
Package: amsopn 1999/12/14 v2.01 operator names
)
\inf@bad=\count112
LaTeX Info: Redefining \frac on input line 198.
\uproot@=\count113
\leftroot@=\count114
LaTeX Info: Redefining \overline on input line 302.
\classnum@=\count115
\DOTSCASE@=\count116
LaTeX Info: Redefining \ldots on input line 376.
LaTeX Info: Redefining \dots on input line 379.
LaTeX Info: Redefining \cdots on input line 464.
\Mathstrutbox@=\box35
\strutbox@=\box36
\big@size=\dimen130
LaTeX Font Info:    Redeclaring font encoding OML on input line 563.
LaTeX Font Info:    Redeclaring font encoding OMS on input line 564.
\macc@skew=\dimen131
\c@MaxMatrixCols=\count117
\dotsspace@=\muskip10
\c@parentequation=\count118
\dspbrk@lvl=\count119
\tag@help=\toks32
\row@=\count120
\column@=\count121
\maxfields@=\count122
\andhelp@=\toks33
\eqnshift@=\dimen132
\alignsep@=\dimen133
\tagshift@=\dimen134
\tagwidth@=\dimen135
\totwidth@=\dimen136
\lineht@=\dimen137
\@envbody=\toks34
\multlinegap=\skip48
\multlinetaggap=\skip49
LaTeX Info: Redefining \[ on input line 2594.
LaTeX Info: Redefining \] on input line 2595.
) (slidesAGP02.aux)
\openout1 = `slidesAGP02.aux'.

LaTeX Font Info:    Checking defaults for OML/cmm/m/it on input line 19.
LaTeX Font Info:    ... okay on input line 19.
LaTeX Font Info:    Checking defaults for T1/cmr/m/n on input line 19.
LaTeX Font Info:    ... okay on input line 19.
LaTeX Font Info:    Checking defaults for OT1/cmr/m/n on input line 19.
LaTeX Font Info:    ... okay on input line 19.
LaTeX Font Info:    Checking defaults for OMS/cmsy/m/n on input line 19.
LaTeX Font Info:    ... okay on input line 19.
LaTeX Font Info:    Checking defaults for OMX/cmex/m/n on input line 19.
LaTeX Font Info:    ... okay on input line 19.
LaTeX Font Info:    Checking defaults for U/cmr/m/n on input line 19.
LaTeX Font Info:    ... okay on input line 19.
LaTeX Font Info:    Checking defaults for PD1/pdf/m/n on input line 19.
LaTeX Font Info:    ... okay on input line 19.
Package hyperref Info: Link coloring OFF on input line 19.

(/usr/share/texmf/tex/latex/hyperref/nameref.sty
Package: nameref 2000/05/08 v2.18 Cross-referencing by name of section
\c@section@level=\count123
) (slidesAGP02.out)
(slidesAGP02.out)
\openout3 = `slidesAGP02.out'.

LaTeX Info: Redefining \ref on input line 19.
LaTeX Info: Redefining \pageref on input line 19.
LaTeX Font Info:    Font shape `OT1/helvetica/m/n' will be
(Font)              scaled to size 14.16972pt on input line 21.
LaTeX Font Info:    Font shape `OT1/helvetica/m/n' will be
(Font)              scaled to size 11.80809pt on input line 21.
LaTeX Font Info:    Try loading font information for T1+phv on input line 21.
 (/usr/share/texmf/tex/latex/psnfss/t1phv.fd
File: t1phv.fd 1998/07/06 Fontinst v1.800 font definitions for T1/phv.
)
LaTeX Font Info:    Font shape `OT1/helvetica/bx/n' in size <17.28> not availab
le
(Font)              Font shape `OT1/helvetica/b/n' tried instead on input line 
21.
LaTeX Font Info:    Font shape `OT1/helvetica/b/n' will be
(Font)              scaled to size 14.16972pt on input line 21.
LaTeX Font Info:    Font shape `OT1/helvetica/m/n' will be
(Font)              scaled to size 11.4801pt on input line 21.
LaTeX Font Info:    Font shape `OT1/helvetica/m/it' will be
(Font)              scaled to size 11.4801pt on input line 21.
LaTeX Font Info:    Font shape `OT1/courier/m/n' will be
(Font)              scaled to size 9.85pt on input line 21.
LaTeX Font Info:    Try loading font information for U+msa on input line 21.

(/usr/share/texmf/tex/latex/amsfonts/umsa.fd
File: umsa.fd 1995/01/05 v2.2e AMS font definitions
)
LaTeX Font Info:    Try loading font information for U+msb on input line 21.

(/usr/share/texmf/tex/latex/amsfonts/umsb.fd
File: umsb.fd 1995/01/05 v2.2e AMS font definitions
)
LaTeX Font Info:    Font shape `OT1/helvetica/m/n' will be
(Font)              scaled to size 5.74005pt on input line 21.
LaTeX Font Info:    Font shape `OT1/helvetica/m/n' will be
(Font)              scaled to size 4.10004pt on input line 21.
 [1


]
LaTeX Font Info:    Try loading font information for T1+ptm on input line 40.

(/usr/share/texmf/tex/latex/psnfss/t1ptm.fd
File: t1ptm.fd 1998/07/06 Fontinst v1.800 font definitions for T1/ptm.
) [2

] [3

]
LaTeX Font Info:    Font shape `OT1/helvetica/m/n' will be
(Font)              scaled to size 9.84009pt on input line 96.
LaTeX Font Info:    Font shape `OT1/courier/m/n' will be
(Font)              scaled to size 11.82pt on input line 96.

Overfull \hbox (5.06693pt too wide) in paragraph at lines 107--107
[]\OT1/courier/m/n/12 ?- cneg(odd(Y)).[] 
 []

[4

] [5

] [6

] [7

] [8

] [9

] [10

] [11

] [12

]
Overfull \hbox (11.4839pt too wide) in paragraph at lines 320--320
[]    \OT1/courier/m/n/12 ?- cneg(boole(X)).[] 
 []


Overfull \hbox (12.02348pt too wide) in paragraph at lines 330--330
[]      \OT1/courier/m/n/12 positive(X).[] 
 []


Overfull \hbox (32.75989pt too wide) in paragraph at lines 344--344
[]    \OT1/courier/m/n/12 ?- cneg(positive(X)).[] 
 []


Overfull \hbox (46.94388pt too wide) in paragraph at lines 344--344
[]    \OT1/courier/m/n/12 [[X/s(fA(_A)),X/0]] ? ;[] 
 []


Overfull \hbox (61.12787pt too wide) in paragraph at lines 344--344
[]    \OT1/courier/m/n/12 [[_A/s(fA(_B)),_A/0]] ? ;[] 
 []


Overfull \hbox (46.94388pt too wide) in paragraph at lines 344--344
[]    \OT1/courier/m/n/12 [[_A/s(fA(_B)),_A/0]] ?[] 
 []

[13

]
Overfull \hbox (18.98114pt too wide) in paragraph at lines 369--369
[]\OT1/courier/m/n/12 greater(s(X),s(Y)):-[] 
 []


Overfull \hbox (18.98114pt too wide) in paragraph at lines 369--369
[]       \OT1/courier/m/n/12 greater(X,Y).[] 
 []


Overfull \hbox (39.85188pt too wide) in paragraph at lines 387--387
[]    \OT1/courier/m/n/12 ?- cneg(greater(X,Y)).[] 
 []


Overfull \hbox (39.85188pt too wide) in paragraph at lines 387--387
[]    \OT1/courier/m/n/12 [[Y/0,Y/s(fA(_A))]] ?;[] 
 []


Overfull \hbox (11.4839pt too wide) in paragraph at lines 387--387
[]    \OT1/courier/m/n/12 [[X/s(fA(_B))]] ?;[] 
 []


Overfull \hbox (54.03587pt too wide) in paragraph at lines 387--387
[]    \OT1/courier/m/n/12 [[_A/s(fA(_B)),_A/0]] ?;[] 
 []


Overfull \hbox (18.5759pt too wide) in paragraph at lines 387--387
[]    \OT1/courier/m/n/12 X = s(s(_A)),Y = 0,[] 
 []


Overfull \hbox (46.94388pt too wide) in paragraph at lines 387--387
[]    \OT1/courier/m/n/12 [[_A/s(fA(_B)),_A/0]] ?[] 
 []

[14

] (tableslides.tex
LaTeX Font Info:    Font shape `OT1/helvetica/m/n' will be
(Font)              scaled to size 6.56006pt on input line 6.
LaTeX Font Info:    Font shape `OT1/helvetica/bx/n' in size <8> not available
(Font)              Font shape `OT1/helvetica/b/n' tried instead on input line 
6.
LaTeX Font Info:    Font shape `OT1/helvetica/b/n' will be
(Font)              scaled to size 6.56006pt on input line 6.
) [15

] [16

] [17

] (slidesAGP02.aux) ) 
Here is how much of TeX's memory you used:
 4815 strings out of 20863
 57526 string characters out of 196073
 132142 words of memory out of 350001
 7706 multiletter control sequences out of 10000+15000
 28895 words of font info for 65 fonts, out of 400000 for 1000
 26 hyphenation exceptions out of 10000
 37i,12n,28p,223b,803s stack positions out of 3000i,100n,1500p,50000b,4000s

Output written on slidesAGP02.dvi (17 pages, 54628 bytes).
