This is TeX, Version 3.14159 (Web2C 7.4.5) (format=latex 2004.4.6)  7 SEP 2004 14:28
**ICLP04_cneg.tex
(./ICLP04_cneg.tex
LaTeX2e <2001/06/01>
Babel <v3.7h> and hyphenation patterns for american, french, german, ngerman, n
ohyphenation, loaded.
(./prosper.cls
Document Class: prosper 2001/01/23, v. 1.1
(c) 2000 Frederic Goualard, CWI, The Netherlands
CVSId: $Id: prosper.cls,v 1.5 2001/01/31 10:20:44 exupery Exp $
 
(/usr/share/texmf/tex/latex/seminar/seminar.cls
Document Class: seminar 1997/10/13, 1.4
Document Style: `seminar' v1.4 <1997/10/13> (tvz)
\slidewidth=\dimen102
\slideheight=\dimen103
\footheight=\dimen104
(/usr/share/texmf/tex/latex/base/article.cls
Document Class: article 2001/04/21 v1.4e Standard LaTeX document class
(/usr/share/texmf/tex/latex/base/leqno.clo
File: leqno.clo 1998/08/17 v1.1c Standard LaTeX option (left equation numbers)
)
(/usr/share/texmf/tex/latex/base/size10.clo
File: size10.clo 2001/04/21 v1.4e Standard LaTeX file (size option)
)
\c@part=\count79
\c@section=\count80
\c@subsection=\count81
\c@subsubsection=\count82
\c@paragraph=\count83
\c@subparagraph=\count84
\c@figure=\count85
\c@table=\count86
\abovecaptionskip=\skip41
\belowcaptionskip=\skip42
\bibindent=\dimen105
)
(/usr/share/texmf/tex/latex/seminar/sem-page.sty)
\before@document=\toks14
\after@document=\toks15
\before@enddocument=\toks16
\c@slide=\count87
\slide@count=\count88
\@slidebox=\box26
\not@slidebox=\box27
\slide@hook=\toks17
\after@slide=\toks18
\slide@footins=\insert233
\slide@listdepth=\count89
\saved@specials=\box28
\before@newslide=\toks19
\after@slidepage=\toks20
\slidesep=\skip43
\c@note=\count90
\slideframewidth=\dimen106
\slideframesep=\dimen107
\semin=\dimen108
\semcm=\dimen109
)
(/usr/share/texmf/tex/latex/config/seminar.con)
(/usr/share/texmf/tex/latex/seminar/semcolor.sty
Style Option: `semcolor' for doc style `seminar' 1.0 <93/04/01> (tvz)
(/usr/share/texmf/tex/generic/pstricks/pstricks.tex
`PSTricks' v97 patch 14  <1999/12/23> (tvz)
\pst@dima=\dimen110
\pst@dimb=\dimen111
\pst@dimc=\dimen112
\pst@dimd=\dimen113
\pst@dimg=\dimen114
\pst@dimh=\dimen115
\pst@hbox=\box29
\pst@boxg=\box30
\pst@cnta=\count91
\pst@cntb=\count92
\pst@cntc=\count93
\pst@cntd=\count94
\pst@cntg=\count95
\pst@cnth=\count96
\pst@toks=\toks21
(/usr/share/texmf/tex/generic/pstricks/pstricks.con)
\psunit=\dimen116
\psxunit=\dimen117
\psyunit=\dimen118
\pslinewidth=\dimen119
\pst@customdefs=\toks22
\pslinearc=\dimen120
\everypsbox=\toks23
\psframesep=\dimen121
\pslabelsep=\dimen122
\theoverlaybox=\box31
))
(/usr/share/texmf/tex/latex/seminar/semlayer.sty
\@@slidebox=\box32
\c@overlay=\count97
)
(/usr/share/texmf/tex/latex/graphics/graphicx.sty
Package: graphicx 1999/02/16 v1.0f Enhanced LaTeX Graphics (DPC,SPQR)

(/usr/share/texmf/tex/latex/graphics/keyval.sty
Package: keyval 1999/03/16 v1.13 key=value parser (DPC)
\KV@toks@=\toks24
)
(/usr/share/texmf/tex/latex/graphics/graphics.sty
Package: graphics 2001/07/07 v1.0n Standard LaTeX Graphics (DPC,SPQR)

(/usr/share/texmf/tex/latex/graphics/trig.sty
Package: trig 1999/03/16 v1.09 sin cos tan (DPC)
)
(/usr/share/texmf/tex/latex/config/graphics.cfg
File: graphics.cfg 2001/08/31 v1.1 graphics configuration of teTeX/TeXLive
)
Package graphics Info: Driver file: dvips.def on input line 80.

(/usr/share/texmf/tex/latex/graphics/dvips.def
File: dvips.def 1999/02/16 v3.0i Driver-dependant file (DPC,SPQR)
))
\Gin@req@height=\dimen123
\Gin@req@width=\dimen124
)
(/usr/share/texmf/tex/latex/hyperref/hyperref.sty
Package: hyperref 2003/01/22 v6.73n Hypertext links for LaTeX
\@linkdim=\dimen125
\Hy@linkcounter=\count98
\Hy@pagecounter=\count99

(/usr/share/texmf/tex/latex/hyperref/pd1enc.def
File: pd1enc.def 2003/01/22 v6.73n Hyperref: PDFDocEncoding definition (HO)
)
(/usr/share/texmf/tex/latex/config/hyperref.cfg
File: hyperref.cfg 2002/06/06 v1.2 hyperref configuration of TeXLive and teTeX
)
Package hyperref Info: Option `bookmarks' set `true' on input line 1744.
Package hyperref Info: Option `pdffitwindow' set `true' on input line 1744.
Package hyperref Info: Option `pdfcenterwindow' set `true' on input line 1744.
Package hyperref Info: Hyper figures OFF on input line 1792.
Package hyperref Info: Link nesting OFF on input line 1797.
Package hyperref Info: Hyper index ON on input line 1800.
Package hyperref Info: Plain pages ON on input line 1805.
Package hyperref Info: Backreferencing OFF on input line 1812.

Implicit mode ON; LaTeX internals redefined
Package hyperref Info: Bookmarks ON on input line 1916.
(/usr/share/texmf/tex/latex/misc/url.sty
\Urlmuskip=\muskip10
Package: url 1999/03/28  ver 1.5x  Verb mode for urls, etc.
)
LaTeX Info: Redefining \url on input line 2055.
\Fld@menulength=\count100
\Field@Width=\dimen126
\Fld@charsize=\dimen127
\Choice@toks=\toks25
\Field@toks=\toks26
Package hyperref Info: Hyper figures OFF on input line 2513.
Package hyperref Info: Link nesting OFF on input line 2518.
Package hyperref Info: Hyper index ON on input line 2521.
Package hyperref Info: backreferencing OFF on input line 2528.
Package hyperref Info: Link coloring OFF on input line 2533.
\c@Item=\count101
\c@Hfootnote=\count102
)
*hyperref using driver hdvips*
(/usr/share/texmf/tex/latex/hyperref/hdvips.def
File: hdvips.def 2003/01/22 v6.73n Hyperref driver for dvips

(/usr/share/texmf/tex/latex/hyperref/pdfmark.def
File: pdfmark.def 2003/01/22 v6.73n Hyperref definitions for pdfmark specials
\pdf@docset=\toks27
\pdf@box=\box33
\pdf@toks=\toks28
\pdf@defaulttoks=\toks29
\Fld@listcount=\count103
\@outlinefile=\write3
))
(/usr/share/texmf/tex/latex/base/ifthen.sty
Package: ifthen 2001/05/26 v1.1c Standard LaTeX ifthen package (DPC)
)
\slideWidth=\skip44
\c@trueSlideCounter=\count104
 (./PPRcontemporain.sty
Package: PPRcontemporain 2000/04/18

`Contemporain' style for prosper ---
(c) 2000 Frederic Goualard, IRIN, France
CVSId: $Id: PPRcontemporain.sty,v 1.1.1.1 2000/11/28 11:15:11 exupery Exp $
 
(/usr/share/texmf/tex/latex/amsfonts/amssymb.sty
Package: amssymb 2002/01/22 v2.2d

(/usr/share/texmf/tex/latex/amsfonts/amsfonts.sty
Package: amsfonts 2001/10/25 v2.2f
\@emptytoks=\toks30
\symAMSa=\mathgroup4
\symAMSb=\mathgroup5
LaTeX Font Info:    Overwriting math alphabet `\mathfrak' in version `bold'
(Font)                  U/euf/m/n --> U/euf/b/n on input line 132.
))
(/usr/share/texmf/tex/latex/seminar/semhelv.sty
Style Option: `semhelv' for the `seminar' doc style 1.4 <2000/05/08> (tvz)
Modified by Stefan (see source for details)
LaTeX Font Info:    Font shape `OT1/helvetica/m/n' will be
(Font)              scaled to size 8.20007pt on input line 176.
))
\c@item@step=\count105
\c@overlay@page=\count106
\theoverlays=\box34
\c@overlaysCount=\count107
\c@limitOverlays=\count108
) (/usr/share/texmf/tex/latex/base/inputenc.sty
Package: inputenc 2001/07/10 v0.99a Input encoding file 

(/usr/share/texmf/tex/latex/base/latin1.def
File: latin1.def 2001/07/10 v0.99a Input encoding file 
))
(/usr/share/texmf/tex/latex/pstricks/pstricks.sty
Package: pstricks 1997/03/25 package wrapper for PSTricks pstricks.tex

(/usr/share/texmf/tex/generic/pstricks/pstricks.tex))
(/usr/share/texmf/tex/latex/pstricks/pst-node.sty
Package: pst-node 1997/03/25 package wrapper for PSTricks pst-node.tex

(/usr/share/texmf/tex/generic/pstricks/pst-node.tex  v97 patch 11, 2000/11/09
\psrow=\count109
\pscol=\count110
\psmatrixcnt=\count111
\psrowsep=\skip45
\pscolsep=\skip46
)) (/usr/share/texmf/tex/latex/pstricks/pst-text.sty
Package: pst-text 1997/03/25 package wrapper for PSTricks pst-text.tex

(/usr/share/texmf/tex/generic/pstricks/pst-text.tex  v97, 1997/03/25))
(/usr/share/texmf/tex/latex/pstricks/pst-3d.sty
Package: pst-3d 1997/03/25 package wrapper for PSTricks pst-3d.tex

(/usr/share/texmf/tex/generic/pstricks/pst-3d.tex  v97, 1997/03/25))
(/usr/share/texmf/tex/latex/amsmath/amsmath.sty
Package: amsmath 2000/07/18 v2.13 AMS math features
\@mathmargin=\skip47

For additional information on amsmath, use the `?' option.
(/usr/share/texmf/tex/latex/amsmath/amstext.sty
Package: amstext 2000/06/29 v2.01

(/usr/share/texmf/tex/latex/amsmath/amsgen.sty
File: amsgen.sty 1999/11/30 v2.0
\@emptytoks=\toks31
\ex@=\dimen128
))
(/usr/share/texmf/tex/latex/amsmath/amsbsy.sty
Package: amsbsy 1999/11/29 v1.2d
\pmbraise@=\dimen129
)
(/usr/share/texmf/tex/latex/amsmath/amsopn.sty
Package: amsopn 1999/12/14 v2.01 operator names
)
\inf@bad=\count112
LaTeX Info: Redefining \frac on input line 211.
\uproot@=\count113
\leftroot@=\count114
LaTeX Info: Redefining \overline on input line 307.
\classnum@=\count115
\DOTSCASE@=\count116
LaTeX Info: Redefining \ldots on input line 379.
LaTeX Info: Redefining \dots on input line 382.
LaTeX Info: Redefining \cdots on input line 467.
\Mathstrutbox@=\box35
\strutbox@=\box36
\big@size=\dimen130
LaTeX Font Info:    Redeclaring font encoding OML on input line 567.
LaTeX Font Info:    Redeclaring font encoding OMS on input line 568.
\macc@depth=\count117
\c@MaxMatrixCols=\count118
\dotsspace@=\muskip11
\c@parentequation=\count119
\dspbrk@lvl=\count120
\tag@help=\toks32
\row@=\count121
\column@=\count122
\maxfields@=\count123
\andhelp@=\toks33
\eqnshift@=\dimen131
\alignsep@=\dimen132
\tagshift@=\dimen133
\tagwidth@=\dimen134
\totwidth@=\dimen135
\lineht@=\dimen136
\@envbody=\toks34
\multlinegap=\skip48
\multlinetaggap=\skip49
\mathdisplay@stack=\toks35
LaTeX Info: Redefining \[ on input line 2666.
LaTeX Info: Redefining \] on input line 2667.
) (./ICLP04_cneg.aux)
\openout1 = `ICLP04_cneg.aux'.

LaTeX Font Info:    Checking defaults for OML/cmm/m/it on input line 29.
LaTeX Font Info:    ... okay on input line 29.
LaTeX Font Info:    Checking defaults for T1/cmr/m/n on input line 29.
LaTeX Font Info:    ... okay on input line 29.
LaTeX Font Info:    Checking defaults for OT1/cmr/m/n on input line 29.
LaTeX Font Info:    ... okay on input line 29.
LaTeX Font Info:    Checking defaults for OMS/cmsy/m/n on input line 29.
LaTeX Font Info:    ... okay on input line 29.
LaTeX Font Info:    Checking defaults for OMX/cmex/m/n on input line 29.
LaTeX Font Info:    ... okay on input line 29.
LaTeX Font Info:    Checking defaults for U/cmr/m/n on input line 29.
LaTeX Font Info:    ... okay on input line 29.
LaTeX Font Info:    Checking defaults for PD1/pdf/m/n on input line 29.
LaTeX Font Info:    ... okay on input line 29.
Package hyperref Info: Link coloring OFF on input line 29.

(/usr/share/texmf/tex/latex/hyperref/nameref.sty
Package: nameref 2001/01/27 v2.19 Cross-referencing by name of section
\c@section@level=\count124
)
LaTeX Info: Redefining \ref on input line 29.
LaTeX Info: Redefining \pageref on input line 29.
 (./ICLP04_cneg.out)
(./ICLP04_cneg.out)
\openout3 = `ICLP04_cneg.out'.

LaTeX Font Info:    Font shape `OT1/helvetica/m/n' will be
(Font)              scaled to size 14.16972pt on input line 31.
LaTeX Font Info:    Font shape `OT1/helvetica/m/n' will be
(Font)              scaled to size 11.80809pt on input line 31.
LaTeX Font Info:    Try loading font information for T1+phv on input line 31.
 (/usr/share/texmf/tex/latex/psnfss/t1phv.fd
File: t1phv.fd 2001/06/04 scalable font definitions for T1/phv.
)
LaTeX Font Info:    Try loading font information for T1+ptm on input line 31.

(/usr/share/texmf/tex/latex/psnfss/t1ptm.fd
File: t1ptm.fd 2001/06/04 font definitions for T1/ptm.
)
LaTeX Font Info:    Font shape `OT1/courier/m/n' will be
(Font)              scaled to size 9.85pt on input line 31.
LaTeX Font Info:    Try loading font information for U+msa on input line 31.

(/usr/share/texmf/tex/latex/amsfonts/umsa.fd
File: umsa.fd 2002/01/19 v2.2g AMS font definitions
)
LaTeX Font Info:    Try loading font information for U+msb on input line 31.

(/usr/share/texmf/tex/latex/amsfonts/umsb.fd
File: umsb.fd 2002/01/19 v2.2g AMS font definitions
)
LaTeX Font Info:    Font shape `OT1/helvetica/m/n' will be
(Font)              scaled to size 5.74005pt on input line 31.
LaTeX Font Info:    Font shape `OT1/helvetica/m/n' will be
(Font)              scaled to size 4.10004pt on input line 31.
 [1


] [2

] [3

] [4

] [4

] [4

]

LaTeX Font Warning: Command \small invalid in math mode on input line 94.

LaTeX Font Info:    Font shape `OT1/helvetica/m/n' will be
(Font)              scaled to size 6.56006pt on input line 107.
LaTeX Font Info:    Font shape `OT1/courier/m/n' will be
(Font)              scaled to size 7.88pt on input line 107.
LaTeX Font Info:    Font shape `T1/phv/m/it' in size <14.4> not available
(Font)              Font shape `T1/phv/m/sl' tried instead on input line 116.
[5

]

LaTeX Font Warning: Command \small invalid in math mode on input line 126.

[6

]
LaTeX Font Info:    Font shape `OT1/helvetica/bx/n' in size <14.4> not availabl
e
(Font)              Font shape `OT1/helvetica/b/n' tried instead on input line 
181.
LaTeX Font Info:    Font shape `OT1/helvetica/b/n' will be
(Font)              scaled to size 11.80809pt on input line 181.
 [7

] [7

]
LaTeX Font Info:    Font shape `OT1/helvetica/m/n' will be
(Font)              scaled to size 9.84009pt on input line 189.
LaTeX Font Info:    Font shape `OT1/courier/m/n' will be
(Font)              scaled to size 11.82pt on input line 189.
 [8

] [9

] [10

] [10

] [11

] [12

]
File: frontier0.eps Graphic file (type eps)
 <frontier0.eps> [13

]
File: frontier1.eps Graphic file (type eps)
 <frontier1.eps>
[14

]
File: frontier2.eps Graphic file (type eps)
 <frontier2.eps> [15

]
File: frontier3.eps Graphic file (type eps)
 <frontier3.eps> [16

]
LaTeX Font Info:    Font shape `OT1/helvetica/bx/n' in size <12> not available
(Font)              Font shape `OT1/helvetica/b/n' tried instead on input line 
386.
LaTeX Font Info:    Font shape `OT1/helvetica/b/n' will be
(Font)              scaled to size 9.84009pt on input line 386.
LaTeX Font Info:    Font shape `OT1/helvetica/bx/it' in size <12> not available

(Font)              Font shape `OT1/helvetica/b/it' tried instead on input line
 386.
LaTeX Font Info:    Font shape `OT1/helvetica/b/it' will be
(Font)              scaled to size 9.84009pt on input line 386.
 [17

]
Overfull \hbox (19.25092pt too wide) in paragraph at lines 410--410
[] \OT1/courier/m/n/12 ?- cneg(even(Y)).[] 
 []


Overfull \hbox (9.43208pt too wide) detected at line 422
[]
 []

[18

] [19

] [20

] [21

] [22

] [23

] [24

] [25

] [26

] [27

] [28

] [29

] [30

]
Overfull \hbox (11.4839pt too wide) in paragraph at lines 691--691
[]    \OT1/courier/m/n/12 ?- cneg(boole(X)).[] 
 []


Overfull \hbox (12.02348pt too wide) in paragraph at lines 701--701
[]      \OT1/courier/m/n/12 positive(X).[] 
 []


Overfull \hbox (32.75989pt too wide) in paragraph at lines 715--715
[]    \OT1/courier/m/n/12 ?- cneg(positive(X)).[] 
 []


Overfull \hbox (46.94388pt too wide) in paragraph at lines 715--715
[]    \OT1/courier/m/n/12 X=/=s(fA(_A)),X=/=0 ? ;[] 
 []


Overfull \hbox (61.12787pt too wide) in paragraph at lines 715--715
[]    \OT1/courier/m/n/12 _A=/=s(fA(_B)),_A=/=0 ? ;[] 
 []


Overfull \hbox (46.94388pt too wide) in paragraph at lines 715--715
[]    \OT1/courier/m/n/12 _A=/=s(fA(_B)),_A=/=0 ?[] 
 []

[31

]
Overfull \hbox (18.98114pt too wide) in paragraph at lines 740--740
[]\OT1/courier/m/n/12 greater(s(X),s(Y)):-[] 
 []


Overfull \hbox (18.98114pt too wide) in paragraph at lines 740--740
[]       \OT1/courier/m/n/12 greater(X,Y).[] 
 []


Overfull \hbox (39.85188pt too wide) in paragraph at lines 758--758
[]    \OT1/courier/m/n/12 ?- cneg(greater(X,Y)).[] 
 []


Overfull \hbox (39.85188pt too wide) in paragraph at lines 758--758
[]    \OT1/courier/m/n/12 Y=/=0,Y=/=s(fA(_A)) ?;[] 
 []


Overfull \hbox (54.03587pt too wide) in paragraph at lines 758--758
[]    \OT1/courier/m/n/12 _A=/=s(fA(_B)),_A=/=0 ?;[] 
 []


Overfull \hbox (18.5759pt too wide) in paragraph at lines 758--758
[]    \OT1/courier/m/n/12 X = s(s(_A)),Y = 0,[] 
 []


Overfull \hbox (46.94388pt too wide) in paragraph at lines 758--758
[]    \OT1/courier/m/n/12 _A=/=s(fA(_B)),_A=/=0 ?[] 
 []

[32

] [33

]
LaTeX Font Info:    Font shape `OT1/helvetica/bx/n' in size <8> not available
(Font)              Font shape `OT1/helvetica/b/n' tried instead on input line 
794.
LaTeX Font Info:    Font shape `OT1/helvetica/b/n' will be
(Font)              scaled to size 6.56006pt on input line 794.
 [34

] [35

]
File: modules.eps Graphic file (type eps)
 <modules.eps> [36

] [37

] (./ICLP04_cneg.aux) ) 
Here is how much of TeX's memory you used:
 5125 strings out of 95847
 63500 string characters out of 1195963
 138146 words of memory out of 1000001
 7961 multiletter control sequences out of 10000+50000
 34905 words of font info for 75 fonts, out of 500000 for 1000
 14 hyphenation exceptions out of 1000
 37i,17n,28p,246b,839s stack positions out of 1500i,500n,5000p,200000b,5000s

Output written on ICLP04_cneg.dvi (41 pages, 134692 bytes).
