This is TeX, Version 3.14159 (Web2C 7.3.1) (format=latex 2001.3.27)  10 JAN 2002 20:10
**cneg
(cneg.tex
LaTeX2e <1999/12/01> patch level 1
Babel <v3.6Z> and hyphenation patterns for american, french, german, ngerman, i
talian, portuges, russian, spanish, nohyphenation, loaded.
(llncs.cls
Document Class: llncs 2000/05/16 v2.8 
LaTeX document class for Lecture Notes in Computer Science
(/usr/share/texmf/tex/latex/base/article.cls
Document Class: article 1999/09/10 v1.4a Standard LaTeX document class
(/usr/share/texmf/tex/latex/base/size10.clo
File: size10.clo 1999/09/10 v1.4a Standard LaTeX file (size option)
)
\c@part=\count79
\c@section=\count80
\c@subsection=\count81
\c@subsubsection=\count82
\c@paragraph=\count83
\c@subparagraph=\count84
\c@figure=\count85
\c@table=\count86
\abovecaptionskip=\skip41
\belowcaptionskip=\skip42
\bibindent=\dimen102
)
(/usr/share/texmf/tex/latex/tools/multicol.sty
Package: multicol 1999/10/21 v1.5w multicolumn formatting (FMi)
\c@tracingmulticols=\count87
\mult@box=\box26
\multicol@leftmargin=\dimen103
\c@unbalance=\count88
\c@collectmore=\count89
\doublecol@number=\count90
\multicoltolerance=\count91
\multicolpretolerance=\count92
\full@width=\dimen104
\page@free=\dimen105
\premulticols=\dimen106
\postmulticols=\dimen107
\multicolsep=\skip43
\multicolbaselineskip=\skip44
\partial@page=\box27
\last@line=\box28
\mult@rightbox=\box29
\mult@grightbox=\box30
\mult@gfirstbox=\box31
\mult@firstbox=\box32
\@tempa=\box33
\@tempa=\box34
\@tempa=\box35
\@tempa=\box36
\@tempa=\box37
\@tempa=\box38
\@tempa=\box39
\@tempa=\box40
\@tempa=\box41
\@tempa=\box42
\@tempa=\box43
\@tempa=\box44
\@tempa=\box45
\@tempa=\box46
\@tempa=\box47
\@tempa=\box48
\@tempa=\box49
\c@columnbadness=\count93
\c@finalcolumnbadness=\count94
\last@try=\dimen108
\multicolovershoot=\dimen109
\multicolundershoot=\dimen110
\mult@nat@firstbox=\box50
\colbreak@box=\box51
)
\c@chapter=\count95
LaTeX Font Info:    Redeclaring math symbol \Gamma on input line 199.
LaTeX Font Info:    Redeclaring math symbol \Delta on input line 200.
LaTeX Font Info:    Redeclaring math symbol \Theta on input line 201.
LaTeX Font Info:    Redeclaring math symbol \Lambda on input line 202.
LaTeX Font Info:    Redeclaring math symbol \Xi on input line 203.
LaTeX Font Info:    Redeclaring math symbol \Pi on input line 204.
LaTeX Font Info:    Redeclaring math symbol \Sigma on input line 205.
LaTeX Font Info:    Redeclaring math symbol \Upsilon on input line 206.
LaTeX Font Info:    Redeclaring math symbol \Phi on input line 207.
LaTeX Font Info:    Redeclaring math symbol \Psi on input line 208.
LaTeX Font Info:    Redeclaring math symbol \Omega on input line 209.
\tocchpnum=\dimen111
\tocsecnum=\dimen112
\tocsectotal=\dimen113
\tocsubsecnum=\dimen114
\tocsubsectotal=\dimen115
\tocsubsubsecnum=\dimen116
\tocsubsubsectotal=\dimen117
\tocparanum=\dimen118
\tocparatotal=\dimen119
\tocsubparanum=\dimen120
\@tempcntc=\count96
\fnindent=\dimen121
\c@@inst=\count97
\c@@auth=\count98
\c@auco=\count99
\instindent=\dimen122
\authrun=\box52
\authorrunning=\toks14
\tocauthor=\toks15
\titrun=\box53
\titlerunning=\toks16
\toctitle=\toks17
\c@theorem=\count100
\c@case=\count101
\c@conjecture=\count102
\c@corollary=\count103
\c@definition=\count104
\c@example=\count105
\c@exercise=\count106
\c@lemma=\count107
\c@note=\count108
\c@problem=\count109
\c@property=\count110
\c@proposition=\count111
\c@question=\count112
\c@solution=\count113
\c@remark=\count114
\headlineindent=\dimen123
) (cneg.aux)
\openout1 = `cneg.aux'.

LaTeX Font Info:    Checking defaults for OML/cmm/m/it on input line 52.
LaTeX Font Info:    ... okay on input line 52.
LaTeX Font Info:    Checking defaults for T1/cmr/m/n on input line 52.
LaTeX Font Info:    ... okay on input line 52.
LaTeX Font Info:    Checking defaults for OT1/cmr/m/n on input line 52.
LaTeX Font Info:    ... okay on input line 52.
LaTeX Font Info:    Checking defaults for OMS/cmsy/m/n on input line 52.
LaTeX Font Info:    ... okay on input line 52.
LaTeX Font Info:    Checking defaults for OMX/cmex/m/n on input line 52.
LaTeX Font Info:    ... okay on input line 52.
LaTeX Font Info:    Checking defaults for U/cmr/m/n on input line 52.
LaTeX Font Info:    ... okay on input line 52.

! Undefined control sequence.
l.56 \numberofauthors
                     {2}
? 
[1

]
LaTeX Font Info:    External font `cmex10' loaded for size
(Font)              <7> on input line 86.
LaTeX Font Info:    External font `cmex10' loaded for size
(Font)              <5> on input line 86.

! Undefined control sequence.
\@author -> \alignauthor 
                         Susana Muñoz \\ \email {susana@fi.upm.es} \alignaut...
l.86 \maketitle
               
? 
Missing character: There is no ñ in font cmr10!
! Undefined control sequence.
\@author ...email {susana@fi.upm.es} \alignauthor 
                                                  Juan Jos\'{e} Moreno \\ \e...
l.86 \maketitle
               
? 
! Undefined control sequence.
<recently read> \affaddr 
                         
l.86 \maketitle
               
? 
! Undefined control sequence.
<recently read> \affaddr 
                         
l.86 \maketitle
               
? 
! Undefined control sequence.
<recently read> \affaddr 
                         
l.86 \maketitle
               
? 
! Undefined control sequence.
<recently read> \affaddr 
                         
l.86 \maketitle
               
? 
! Undefined control sequence.
\@author -> \alignauthor 
                         Susana Muñoz \\ \email {susana@fi.upm.es} \alignaut...
l.86 \maketitle
               
? 
Missing character: There is no ñ in font cmr10!
! Undefined control sequence.
\@author ...email {susana@fi.upm.es} \alignauthor 
                                                  Juan Jos\'{e} Moreno \\ \e...
l.86 \maketitle
               
? 
! Undefined control sequence.
<recently read> \affaddr 
                         
l.86 \maketitle
               
? 
! Undefined control sequence.
<recently read> \affaddr 
                         
l.86 \maketitle
               
? 
! Undefined control sequence.
<recently read> \affaddr 
                         
l.86 \maketitle
               
? 
! Undefined control sequence.
<recently read> \affaddr 
                         
l.86 \maketitle
               
? 
! Undefined control sequence.
\@author -> \alignauthor 
                         Susana Muñoz \\ \email {susana@fi.upm.es} \alignaut...
l.86 \maketitle
               
? 
! Undefined control sequence.
\@author ...email {susana@fi.upm.es} \alignauthor 
                                                  Juan Jos\'{e} Moreno \\ \e...
l.86 \maketitle
               
? 
! Undefined control sequence.
\@author ...email {jjmoreno@fi.upm.es}\\ \affaddr 
                                                  {Universidad Polit\'ecnica...
l.86 \maketitle
               
? 
! Undefined control sequence.
\@author ...d Polit\'ecnica de Madrid}\\ \affaddr 
                                                  {Cam\-pus de Mon\-te\-gan\...
l.86 \maketitle
               
? 
! Undefined control sequence.
\@author ...s de Mon\-te\-gan\-ce\-do}\\ \affaddr 
                                                  {Boa\-di\-lla del Mon\-te}...
l.86 \maketitle
               
? 
! Undefined control sequence.
\@author ...{Boa\-di\-lla del Mon\-te}\\ \affaddr 
                                                  {28660 Ma\-drid, Spain} 
l.86 \maketitle
               
? 

! LaTeX Error: Environment keywords undefined.

See the LaTeX manual or LaTeX Companion for explanation.
Type  H <return>  for immediate help.
 ...                                              
                                                  
l.105 \begin{keywords}
                      
? 

! LaTeX Error: \begin{document} ended by \end{keywords}.

See the LaTeX manual or LaTeX Companion for explanation.
Type  H <return>  for immediate help.
 ...                                              
                                                  
l.108 \end{keywords}
                    
? 
[2] [3]
Underfull \hbox (badness 10000) in paragraph at lines 272--278

 []


Overfull \hbox (0.42996pt too wide) in paragraph at lines 279--285
[]\OT1/cmr/m/n/10 We can say that the fron-tier of the goal has the for-mat: $\
OML/cmm/m/it/10 Frontier\OT1/cmr/m/n/10 (\OML/cmm/m/it/10 Goal\OT1/cmr/m/n/10 )
 \OMS/cmsy/m/n/10 ^^Q
 []

[4]
LaTeX Font Info:    Try loading font information for OMS+cmr on input line 348.

 (/usr/share/texmf/tex/latex/base/omscmr.fd
File: omscmr.fd 1999/05/25 v2.5h Standard LaTeX font definitions
)
LaTeX Font Info:    Font shape `OMS/cmr/m/n' in size <10> not available
(Font)              Font shape `OMS/cmsy/m/n' tried instead on input line 348.
 [5]
Underfull \hbox (badness 10000) in paragraph at lines 367--379

 []


Underfull \hbox (badness 10000) in paragraph at lines 380--387

 []


Underfull \hbox (badness 10000) in paragraph at lines 397--401

 []


Underfull \hbox (badness 10000) in paragraph at lines 402--409

 []


Underfull \vbox (badness 10000) has occurred while \output is active []

 [6]
Underfull \hbox (badness 10000) in paragraph at lines 452--470

 []


Underfull \hbox (badness 10000) in paragraph at lines 531--536

 []

[7] (cneg.bbl) [8] (cneg.aux)

LaTeX Warning: Label(s) may have changed. Rerun to get cross-references right.

 ) 
Here is how much of TeX's memory you used:
 607 strings out of 20863
 6274 string characters out of 196073
 59528 words of memory out of 350001
 3599 multiletter control sequences out of 10000+15000
 6791 words of font info for 25 fonts, out of 400000 for 1000
 26 hyphenation exceptions out of 10000
 29i,8n,21p,648b,400s stack positions out of 3000i,100n,1500p,50000b,4000s

Output written on cneg.dvi (8 pages, 26976 bytes).
