This is pdfeTeX, Version 3.141592-1.21a-2.2 (Web2C 7.5.4) (format=latex 2007.12.10)  20 MAR 2008 09:07
entering extended mode
**cneg_TPLP.tex
(./cneg_TPLP.tex
LaTeX2e <2003/12/01>
Babel <v3.8d> and hyphenation patterns for american, french, german, ngerman, b
ahasa, basque, bulgarian, catalan, croatian, czech, danish, dutch, esperanto, e
stonian, finnish, greek, icelandic, irish, italian, latin, magyar, norsk, polis
h, portuges, romanian, russian, serbian, slovak, slovene, spanish, swedish, tur
kish, ukrainian, nohyphenation, loaded.
(./tlp.cls
Document Class: tlp 2003/07/15 v2.12 Theory and Practice of Logic Programming 
document class
\c@part=\count79
\c@section=\count80
\c@subsection=\count81
\c@subsubsection=\count82
\c@paragraph=\count83
\c@subparagraph=\count84
\@leftskip=\skip41
\proofsavebox=\box26
\c@table=\count85
\@tempboxb=\box27
\c@figure=\count86
\c@dummy=\count87
\c@mv@program=\count88
LaTeX Font Info:    Overwriting symbol font `letters' in version `program'
(Font)                  OML/cmm/m/it --> OT1/cmr/m/sl on input line 1251.
LaTeX Font Info:    Overwriting math alphabet `\mathnormal' in version `program
'
(Font)                  OT1/cmr/m/sl --> OT1/cmr/m/sl on input line 1253.
) (./aopmath.sty
\c@mv@zed=\count89
LaTeX Font Info:    Overwriting math alphabet `\mathrm' in version `zed'
(Font)                  OT1/cmr/m/n --> OT1/cmr/m/n on input line 2.
LaTeX Font Info:    Overwriting math alphabet `\mathbf' in version `zed'
(Font)                  OT1/cmr/bx/n --> OT1/cmr/bx/n on input line 3.
LaTeX Font Info:    Overwriting math alphabet `\mathsf' in version `zed'
(Font)                  OT1/cmss/m/n --> OT1/cmss/m/n on input line 4.
LaTeX Font Info:    Overwriting math alphabet `\mathtt' in version `zed'
(Font)                  OT1/cmtt/m/n --> OT1/cmtt/m/n on input line 5.
\symitalics=\mathgroup4
LaTeX Font Info:    Redeclaring math alphabet \mathrm on input line 7.
LaTeX Font Info:    Redeclaring math alphabet \mathit on input line 8.
LaTeX Font Info:    Redeclaring math alphabet \mathcal on input line 9.
\symlasy=\mathgroup5
\symAMSa=\mathgroup6
\symAMSb=\mathgroup7
LaTeX Info: Redefining \em on input line 45.
\c@theorem=\count90
\c@fact=\count91
\c@corollary=\count92
\c@proposition=\count93
\mathindent=\dimen102
) (/usr/share/texmf-tetex/tex/latex/graphics/graphicx.sty
Package: graphicx 1999/02/16 v1.0f Enhanced LaTeX Graphics (DPC,SPQR)

(/usr/share/texmf-tetex/tex/latex/graphics/keyval.sty
Package: keyval 1999/03/16 v1.13 key=value parser (DPC)
\KV@toks@=\toks14
)
(/usr/share/texmf-tetex/tex/latex/graphics/graphics.sty
Package: graphics 2001/07/07 v1.0n Standard LaTeX Graphics (DPC,SPQR)

(/usr/share/texmf-tetex/tex/latex/graphics/trig.sty
Package: trig 1999/03/16 v1.09 sin cos tan (DPC)
)
(/usr/share/texmf-tetex/tex/latex/graphics/graphics.cfg
File: graphics.cfg 2005/02/03 v1.3 graphics configuration of teTeX/TeXLive
)
Package graphics Info: Driver file: dvips.def on input line 80.

(/usr/share/texmf-tetex/tex/latex/graphics/dvips.def
File: dvips.def 1999/02/16 v3.0i Driver-dependant file (DPC,SPQR)
))
\Gin@req@height=\dimen103
\Gin@req@width=\dimen104
)
\c@definition=\count94
\c@example=\count95
 (./cneg_TPLP.aux)
\openout1 = `cneg_TPLP.aux'.

LaTeX Font Info:    Checking defaults for OML/cmm/m/it on input line 25.
LaTeX Font Info:    ... okay on input line 25.
LaTeX Font Info:    Checking defaults for T1/cmr/m/n on input line 25.
LaTeX Font Info:    ... okay on input line 25.
LaTeX Font Info:    Checking defaults for OT1/cmr/m/n on input line 25.
LaTeX Font Info:    ... okay on input line 25.
LaTeX Font Info:    Checking defaults for OMS/cmsy/m/n on input line 25.
LaTeX Font Info:    ... okay on input line 25.
LaTeX Font Info:    Checking defaults for OMX/cmex/m/n on input line 25.
LaTeX Font Info:    ... okay on input line 25.
LaTeX Font Info:    Checking defaults for U/cmr/m/n on input line 25.
LaTeX Font Info:    ... okay on input line 25.
LaTeX Font Info:    External font `cmex10' loaded for size
(Font)              <7> on input line 50.
LaTeX Font Info:    External font `cmex10' loaded for size
(Font)              <5> on input line 50.
LaTeX Font Info:    Try loading font information for U+lasy on input line 50.

(/usr/share/texmf-tetex/tex/latex/base/ulasy.fd
File: ulasy.fd 1998/08/17 v2.2e LaTeX symbol font definitions
)
LaTeX Font Info:    Try loading font information for U+msa on input line 50.

(/usr/share/texmf-tetex/tex/latex/amsfonts/umsa.fd
File: umsa.fd 2002/01/19 v2.2g AMS font definitions
)
LaTeX Font Info:    Try loading font information for U+msb on input line 50.

(/usr/share/texmf-tetex/tex/latex/amsfonts/umsb.fd
File: umsb.fd 2002/01/19 v2.2g AMS font definitions
)
LaTeX Font Info:    External font `cmex10' loaded for size
(Font)              <8> on input line 50.
LaTeX Font Info:    External font `cmex10' loaded for size
(Font)              <6> on input line 50.

Underfull \hbox (badness 10000) has occurred while \output is active

 []

[1] [2] [3] [4] [5] [6] [7]
Overfull \hbox (1.3691pt too wide) in paragraph at lines 546--546
[][]\OT1/cmr/m/n/8 Full code im-ple-men-ta-tion is avail-able in http://babel.l
s.fi.upm.es/~susana/code/negation/cneg/.
 []

[8]
Overfull \hbox (7.50063pt too wide) in paragraph at lines 605--607
[]\OT1/cmr/m/n/10 We use Kunen's 3-valued com-ple-tion se-man-tics that was de-
fined by Stukey (Stuckey
 []

[9]
File: tree_frontier.eps Graphic file (type eps)
 <tree_frontier.eps>
LaTeX Font Info:    External font `cmex10' loaded for size
(Font)              <9> on input line 648.

Overfull \hbox (25.00003pt too wide) in paragraph at lines 683--688
 [] 
 []

[10]
File: frontier.eps Graphic file (type eps)
 <frontier.eps>
Overfull \hbox (1.34999pt too wide) in paragraph at lines 727--728
 [][] 
 []

[11]
Underfull \hbox (badness 10000) in paragraph at lines 810--814

 []


Underfull \hbox (badness 10000) in paragraph at lines 815--821

 []

[12]
Overfull \hbox (3.46976pt too wide) in paragraph at lines 898--898
\OT1/cmr/m/it/10 normalization[]conj\OT1/cmr/m/n/10 (\OT1/cmr/m/it/10 I\OML/cmm
/m/it/10 ; \OT1/cmr/m/it/10 D\OML/cmm/m/it/10 ; \OT1/cmr/m/it/10 R\OML/cmm/m/it
/10 ; \OT1/cmr/m/it/10 GoalVars\OML/cmm/m/it/10 ; \OT1/cmr/m/it/10 In\OML/cmm/m
/it/10 ; \OT1/cmr/m/it/10 Dn\OML/cmm/m/it/10 ; \OT1/cmr/m/it/10 Rn\OML/cmm/m/it
/10 ; \OT1/cmr/m/it/10 ImpVars\OML/cmm/m/it/10 ; \OT1/cmr/m/it/10 ExpVars\OT1/c
mr/m/n/10 )$ re-ceives
 []

[13]
Underfull \hbox (badness 10000) in paragraph at lines 964--969

 []

[14]
Overfull \hbox (2.95956pt too wide) in paragraph at lines 1020--1020
[]\OT1/cmr/m/n/10 The sec-ond call $\OT1/cmr/m/it/10 divide[]formula\OT1/cmr/m/
n/10 ([\OT1/cmr/m/it/10 parent\OT1/cmr/m/n/10 (\OT1/cmr/m/it/10 Y\OML/cmm/m/it/
10 ; \OT1/cmr/m/it/10 C\OT1/cmr/m/n/10 )\OML/cmm/m/it/10 ; \OT1/cmr/m/it/10 par
ent\OT1/cmr/m/n/10 (\OT1/cmr/m/it/10 C\OML/cmm/m/it/10 ; \OT1/cmr/m/it/10 X\OT1
/cmr/m/n/10 )]\OML/cmm/m/it/10 ; \OT1/cmr/m/n/10 [\OT1/cmr/m/it/10 C\OT1/cmr/m/
n/10 ]\OML/cmm/m/it/10 ; \OT1/cmr/m/it/10 Rimp\OML/cmm/m/it/10 ; \OT1/cmr/m/it/
10 Rexp\OT1/cmr/m/n/10 )$ re-
 []


Underfull \vbox (badness 2564) has occurred while \output is active []

 [15]
Overfull \hbox (5.75946pt too wide) in paragraph at lines 1133--1134
\OT1/cmr/m/n/10 tive equal-i-ties and dis-e-qual-i-ties, and the so-lu-tion $[\
OT1/cmr/m/it/10 Y \OT1/cmr/m/n/10 = \OT1/cmr/m/it/10 s\OT1/cmr/m/n/10 (\OT1/cmr
/m/it/10 s\OT1/cmr/m/n/10 (\OT1/cmr/m/it/10 X\OT1/cmr/m/n/10 ))\OML/cmm/m/it/10
 ; \OT1/cmr/m/it/10 cneg\OT1/cmr/m/n/10 (\OT1/cmr/m/it/10 even\OT1/cmr/m/n/10 (
\OT1/cmr/m/it/10 X\OT1/cmr/m/n/10 ))]$
 []

[16] [17] [18]
Overfull \hbox (12.79262pt too wide) in alignment at lines 1373--1387
 [] [] [] 
 []

[19]
Underfull \hbox (badness 10000) in paragraph at lines 1468--1474

 []


Underfull \hbox (badness 10000) in paragraph at lines 1487--1494

 []

[20] [21]
Overfull \hbox (7.06288pt too wide) in paragraph at lines 1621--1644
\OT1/cmr/m/n/10 (Stuckey 1995) con-tains an-other ex-am-ple show-ing how a con-
struc-tive an-swer ($\OMS/cmsy/m/n/10 8\OT1/cmr/m/it/10 T[]X \OMS/cmsy/m/n/10 6
\OT1/cmr/m/n/10 =
 []


Underfull \hbox (badness 10000) in paragraph at lines 1646--1662

 []

[22] (./table.tex
Overfull \hbox (5.73393pt too wide) in alignment at lines 3--50
 [] [] [] [] [] 
 []

) [23] [24] [25] (./table_cnegf.tex
Overfull \hbox (8.50507pt too wide) in alignment at lines 3--33
 [] [] [] [] [] 
 []

) [26] (./cneg_TPLP.bbl
Underfull \vbox (badness 3428) has occurred while \output is active []

 [27]
[28] [29]) [30] [31] [32] [33]
File: graph.eps Graphic file (type eps)
 <graph.eps> [34] [35] [36] [37] (./cneg_TPLP.aux) ) 
Here is how much of TeX's memory you used:
 1034 strings out of 94501
 11053 string characters out of 1175810
 67122 words of memory out of 1000000
 4186 multiletter control sequences out of 10000+50000
 16102 words of font info for 62 fonts, out of 500000 for 2000
 599 hyphenation exceptions out of 8191
 26i,13n,27p,345b,354s stack positions out of 1500i,500n,5000p,200000b,5000s

Output written on cneg_TPLP.dvi (37 pages, 139856 bytes).
