This is TeX, Version 3.14159 (Web2C 7.3.1) (format=latex 2001.4.16)  25 FEB 2003 11:24
**cneg9.tex
(cneg9.tex
LaTeX2e <1998/12/01> patch level 1
Babel <v3.6x> and hyphenation patterns for american, french, german, ngerman, i
talian, spanish, nohyphenation, loaded.
(llncs.cls
Document Class: llncs 2001/08/14 v2.10 
experimental LaTeX document class for Lecture Notes in Computer Science
(/usr/share/texmf/tex/latex/base/article.cls
Document Class: article 1999/01/07 v1.4a Standard LaTeX document class
(/usr/share/texmf/tex/latex/base/size10.clo
File: size10.clo 1999/01/07 v1.4a Standard LaTeX file (size option)
)
\c@part=\count79
\c@section=\count80
\c@subsection=\count81
\c@subsubsection=\count82
\c@paragraph=\count83
\c@subparagraph=\count84
\c@figure=\count85
\c@table=\count86
\abovecaptionskip=\skip41
\belowcaptionskip=\skip42
\bibindent=\dimen102
)
(/usr/share/texmf/tex/latex/tools/multicol.sty
Package: multicol 1999/03/22 v1.5t multicolumn formatting (FMi)
\c@tracingmulticols=\count87
\mult@box=\box26
\multicol@leftmargin=\dimen103
\c@unbalance=\count88
\c@collectmore=\count89
\doublecol@number=\count90
\multicoltolerance=\count91
\multicolpretolerance=\count92
\full@width=\dimen104
\page@free=\dimen105
\premulticols=\dimen106
\postmulticols=\dimen107
\multicolsep=\skip43
\multicolbaselineskip=\skip44
\partial@page=\box27
\last@line=\box28
\mult@rightbox=\box29
\mult@grightbox=\box30
\mult@gfirstbox=\box31
\mult@firstbox=\box32
\@tempa=\box33
\@tempa=\box34
\@tempa=\box35
\@tempa=\box36
\@tempa=\box37
\@tempa=\box38
\@tempa=\box39
\@tempa=\box40
\@tempa=\box41
\@tempa=\box42
\@tempa=\box43
\@tempa=\box44
\@tempa=\box45
\@tempa=\box46
\@tempa=\box47
\@tempa=\box48
\@tempa=\box49
\c@columnbadness=\count93
\c@finalcolumnbadness=\count94
\last@try=\dimen108
\multicolovershoot=\dimen109
\multicolundershoot=\dimen110
\mult@nat@firstbox=\box50
)
\c@chapter=\count95
LaTeX Font Info:    Redeclaring math symbol \Gamma on input line 343.
LaTeX Font Info:    Redeclaring math symbol \Delta on input line 344.
LaTeX Font Info:    Redeclaring math symbol \Theta on input line 345.
LaTeX Font Info:    Redeclaring math symbol \Lambda on input line 346.
LaTeX Font Info:    Redeclaring math symbol \Xi on input line 347.
LaTeX Font Info:    Redeclaring math symbol \Pi on input line 348.
LaTeX Font Info:    Redeclaring math symbol \Sigma on input line 349.
LaTeX Font Info:    Redeclaring math symbol \Upsilon on input line 350.
LaTeX Font Info:    Redeclaring math symbol \Phi on input line 351.
LaTeX Font Info:    Redeclaring math symbol \Psi on input line 352.
LaTeX Font Info:    Redeclaring math symbol \Omega on input line 353.
\tocchpnum=\dimen111
\tocsecnum=\dimen112
\tocsectotal=\dimen113
\tocsubsecnum=\dimen114
\tocsubsectotal=\dimen115
\tocsubsubsecnum=\dimen116
\tocsubsubsectotal=\dimen117
\tocparanum=\dimen118
\tocparatotal=\dimen119
\tocsubparanum=\dimen120
\@tempcntc=\count96
\fnindent=\dimen121
\c@@inst=\count97
\c@@auth=\count98
\c@auco=\count99
\instindent=\dimen122
\authrun=\box51
\authorrunning=\toks14
\tocauthor=\toks15
\titrun=\box52
\titlerunning=\toks16
\toctitle=\toks17
\c@theorem=\count100
\c@case=\count101
\c@conjecture=\count102
\c@corollary=\count103
\c@definition=\count104
\c@example=\count105
\c@exercise=\count106
\c@lemma=\count107
\c@note=\count108
\c@problem=\count109
\c@property=\count110
\c@proposition=\count111
\c@question=\count112
\c@solution=\count113
\c@remark=\count114
\headlineindent=\dimen123
)
(/usr/share/texmf/tex/generic/pstricks/pst-node.sty
Package: pst-node 1997/03/25 package wrapper for PSTricks pst-node.tex

(/usr/share/texmf/tex/generic/pstricks/pst-node.tex  v97 patch 9, 1999/04/14
(/usr/share/texmf/tex/generic/pstricks/pstricks.tex
`PSTricks' v97 patch 10  <1999/03/24> (tvz)
\pst@dima=\dimen124
\pst@dimb=\dimen125
\pst@dimc=\dimen126
\pst@dimd=\dimen127
\pst@dimg=\dimen128
\pst@dimh=\dimen129
\pst@hbox=\box53
\pst@boxg=\box54
\pst@cnta=\count115
\pst@cntb=\count116
\pst@cntc=\count117
\pst@cntd=\count118
\pst@cntg=\count119
\pst@cnth=\count120
\pst@toks=\toks18
(/usr/share/texmf/tex/generic/pstricks/pstricks.con)
\psunit=\dimen130
\psxunit=\dimen131
\psyunit=\dimen132
\pslinewidth=\dimen133
\pst@customdefs=\toks19
\pslinearc=\dimen134
\everypsbox=\toks20
\psframesep=\dimen135
\pslabelsep=\dimen136
\theoverlaybox=\box55
)
\psrow=\count121
\pscol=\count122
\psmatrixcnt=\count123
\psrowsep=\skip45
\pscolsep=\skip46
)) (cneg9.aux)
\openout1 = `cneg9.aux'.

LaTeX Font Info:    Checking defaults for OML/cmm/m/it on input line 41.
LaTeX Font Info:    ... okay on input line 41.
LaTeX Font Info:    Checking defaults for T1/cmr/m/n on input line 41.
LaTeX Font Info:    ... okay on input line 41.
LaTeX Font Info:    Checking defaults for OT1/cmr/m/n on input line 41.
LaTeX Font Info:    ... okay on input line 41.
LaTeX Font Info:    Checking defaults for OMS/cmsy/m/n on input line 41.
LaTeX Font Info:    ... okay on input line 41.
LaTeX Font Info:    Checking defaults for OMX/cmex/m/n on input line 41.
LaTeX Font Info:    ... okay on input line 41.
LaTeX Font Info:    Checking defaults for U/cmr/m/n on input line 41.
LaTeX Font Info:    ... okay on input line 41.
LaTeX Font Info:    External font `cmex10' loaded for size
(Font)              <7> on input line 58.
LaTeX Font Info:    External font `cmex10' loaded for size
(Font)              <5> on input line 58.
LaTeX Font Info:    External font `cmex10' loaded for size
(Font)              <9> on input line 58.
LaTeX Font Info:    External font `cmex10' loaded for size
(Font)              <6> on input line 58.
 [1

]
[2]
Underfull \hbox (badness 10000) in paragraph at lines 219--225

 []

[3]
Overfull \hbox (15.43535pt too wide) in paragraph at lines 301--306
[]\OT1/cmr/bx/n/10 Elimination of ir-rel-e-vant dis-e-qual-i-ties\OT1/cmr/m/n/1
0 . The set of vari-ables of $\OML/cmm/m/it/10 GoalVars$
 []


Underfull \hbox (badness 10000) in paragraph at lines 344--345

 []


Underfull \hbox (badness 10000) in paragraph at lines 346--350

 []

[4]
Underfull \hbox (badness 10000) in paragraph at lines 385--397

 []


Underfull \hbox (badness 10000) in paragraph at lines 398--405

 []


Underfull \hbox (badness 10000) in paragraph at lines 415--419

 []


Underfull \hbox (badness 10000) in paragraph at lines 420--427

 []

[5] [6] [7] [8] [9] [10]
Underfull \hbox (badness 10000) in paragraph at lines 765--782

 []


Underfull \hbox (badness 10000) in paragraph at lines 786--812

 []


Underfull \hbox (badness 10000) in paragraph at lines 817--835

 []


Overfull \hbox (7.70868pt too wide) in paragraph at lines 862--862
[]    \OT1/cmtt/m/n/10 [[_A/s(fA(_B)),_A/0]] ? ;[] 
 []


Overfull \hbox (7.70868pt too wide) in paragraph at lines 862--862
[]    \OT1/cmtt/m/n/10 [[_A/s(fA(_B)),_A/0]] ? ;[] 
 []


Overfull \hbox (7.70868pt too wide) in paragraph at lines 906--906
[]    \OT1/cmtt/m/n/10 [[_A/s(fA(_B)),_A/0]] ? ;[] 
 []


Overfull \hbox (7.70868pt too wide) in paragraph at lines 906--906
[]    \OT1/cmtt/m/n/10 [[_A/s(fA(_B)),_A/0]] ? ;[] 
 []


Overfull \hbox (7.70868pt too wide) in paragraph at lines 906--906
[]    \OT1/cmtt/m/n/10 [[_A/s(fA(_B)),_A/0]] ? ;[] 
 []

[11] (table.tex) [12] [13] (cneg9.bbl) [14] (cneg9.aux) ) 
Here is how much of TeX's memory you used:
 1816 strings out of 10895
 18850 string characters out of 97447
 90161 words of memory out of 263001
 4792 multiletter control sequences out of 10000+10000
 8315 words of font info for 30 fonts, out of 400000 for 1000
 14 hyphenation exceptions out of 1000
 29i,10n,21p,477b,338s stack positions out of 300i,100n,500p,50000b,4000s

Output written on cneg9.dvi (14 pages, 53948 bytes).
