This is TeX, Version 3.14159 (Web2C 7.4.5) (format=latex 2004.4.6)  1 JUL 2004 11:36
**tlp2esam.tex
(./tlp2esam.tex
LaTeX2e <2001/06/01>
Babel <v3.7h> and hyphenation patterns for american, french, german, ngerman, n
ohyphenation, loaded.
(./tlp.cls
Document Class: tlp 2003/07/15 v2.12 Theory and Practice of Logic Programming 
document class
\c@part=\count79
\c@section=\count80
\c@subsection=\count81
\c@subsubsection=\count82
\c@paragraph=\count83
\c@subparagraph=\count84
\@leftskip=\skip41
\proofsavebox=\box26
\c@table=\count85
\@tempboxb=\box27
\c@figure=\count86
\c@dummy=\count87
\c@mv@program=\count88
LaTeX Font Info:    Overwriting symbol font `letters' in version `program'
(Font)                  OML/cmm/m/it --> OT1/cmr/m/sl on input line 1251.
LaTeX Font Info:    Overwriting math alphabet `\mathnormal' in version `program
'
(Font)                  OT1/cmr/m/sl --> OT1/cmr/m/sl on input line 1253.
) (./aopmath.sty
\c@mv@zed=\count89
LaTeX Font Info:    Overwriting math alphabet `\mathrm' in version `zed'
(Font)                  OT1/cmr/m/n --> OT1/cmr/m/n on input line 2.
LaTeX Font Info:    Overwriting math alphabet `\mathbf' in version `zed'
(Font)                  OT1/cmr/bx/n --> OT1/cmr/bx/n on input line 3.
LaTeX Font Info:    Overwriting math alphabet `\mathsf' in version `zed'
(Font)                  OT1/cmss/m/n --> OT1/cmss/m/n on input line 4.
LaTeX Font Info:    Overwriting math alphabet `\mathtt' in version `zed'
(Font)                  OT1/cmtt/m/n --> OT1/cmtt/m/n on input line 5.
\symitalics=\mathgroup4
LaTeX Font Info:    Redeclaring math alphabet \mathrm on input line 7.
LaTeX Font Info:    Redeclaring math alphabet \mathit on input line 8.
LaTeX Font Info:    Redeclaring math alphabet \mathcal on input line 9.
\symlasy=\mathgroup5
\symAMSa=\mathgroup6
\symAMSb=\mathgroup7
LaTeX Info: Redefining \em on input line 45.
\c@theorem=\count90
\c@fact=\count91
\c@corollary=\count92
\c@proposition=\count93
\mathindent=\dimen102
)
\c@definition=\count94
\c@example=\count95
 (./tlp2esam.aux)
\openout1 = `tlp2esam.aux'.

LaTeX Font Info:    Checking defaults for OML/cmm/m/it on input line 12.
LaTeX Font Info:    ... okay on input line 12.
LaTeX Font Info:    Checking defaults for T1/cmr/m/n on input line 12.
LaTeX Font Info:    ... okay on input line 12.
LaTeX Font Info:    Checking defaults for OT1/cmr/m/n on input line 12.
LaTeX Font Info:    ... okay on input line 12.
LaTeX Font Info:    Checking defaults for OMS/cmsy/m/n on input line 12.
LaTeX Font Info:    ... okay on input line 12.
LaTeX Font Info:    Checking defaults for OMX/cmex/m/n on input line 12.
LaTeX Font Info:    ... okay on input line 12.
LaTeX Font Info:    Checking defaults for U/cmr/m/n on input line 12.
LaTeX Font Info:    ... okay on input line 12.
LaTeX Font Info:    External font `cmex10' loaded for size
(Font)              <7> on input line 36.
LaTeX Font Info:    External font `cmex10' loaded for size
(Font)              <5> on input line 36.
LaTeX Font Info:    Try loading font information for U+lasy on input line 36.
 (/usr/share/texmf/tex/latex/base/ulasy.fd
File: ulasy.fd 1998/08/17 v2.2e LaTeX symbol font definitions
)
LaTeX Font Info:    Try loading font information for U+msa on input line 36.

(/usr/share/texmf/tex/latex/amsfonts/umsa.fd
File: umsa.fd 2002/01/19 v2.2g AMS font definitions
)
LaTeX Font Info:    Try loading font information for U+msb on input line 36.

(/usr/share/texmf/tex/latex/amsfonts/umsb.fd
File: umsb.fd 2002/01/19 v2.2g AMS font definitions
)
Underfull \hbox (badness 10000) has occurred while \output is active

 []

[1] [2]
LaTeX Font Info:    External font `cmex10' loaded for size
(Font)              <8> on input line 193.
LaTeX Font Info:    External font `cmex10' loaded for size
(Font)              <6> on input line 193.
LaTeX Font Info:    External font `cmex10' loaded for size
(Font)              <9> on input line 227.
 [3] [4] [5] [6] [7] [8] [9] [10] [11] [12] [13] [14] [15] [16] [17]
[18] (./tlp2esam.bbl [19]) [20] (./tlp2esam.aux) ) 
Here is how much of TeX's memory you used:
 633 strings out of 95847
 6105 string characters out of 1195963
 57525 words of memory out of 1000001
 3579 multiletter control sequences out of 10000+50000
 14219 words of font info for 55 fonts, out of 500000 for 1000
 33 hyphenation exceptions out of 1000
 23i,10n,27p,170b,362s stack positions out of 1500i,500n,5000p,200000b,5000s

Output written on tlp2esam.dvi (20 pages, 91888 bytes).
