This is TeX, Version 3.14159 (Web2C 7.4.5) (format=latex 2004.4.6)  10 FEB 2006 18:05
**cneg_TPLP
(./cneg_TPLP.tex
LaTeX2e <2001/06/01>
Babel <v3.7h> and hyphenation patterns for american, french, german, ngerman, n
ohyphenation, loaded.
(./tlp.cls
Document Class: tlp 2003/07/15 v2.12 Theory and Practice of Logic Programming 
document class
\c@part=\count79
\c@section=\count80
\c@subsection=\count81
\c@subsubsection=\count82
\c@paragraph=\count83
\c@subparagraph=\count84
\@leftskip=\skip41
\proofsavebox=\box26
\c@table=\count85
\@tempboxb=\box27
\c@figure=\count86
\c@dummy=\count87
\c@mv@program=\count88
LaTeX Font Info:    Overwriting symbol font `letters' in version `program'
(Font)                  OML/cmm/m/it --> OT1/cmr/m/sl on input line 1251.
LaTeX Font Info:    Overwriting math alphabet `\mathnormal' in version `program
'
(Font)                  OT1/cmr/m/sl --> OT1/cmr/m/sl on input line 1253.
) (./aopmath.sty
\c@mv@zed=\count89
LaTeX Font Info:    Overwriting math alphabet `\mathrm' in version `zed'
(Font)                  OT1/cmr/m/n --> OT1/cmr/m/n on input line 2.
LaTeX Font Info:    Overwriting math alphabet `\mathbf' in version `zed'
(Font)                  OT1/cmr/bx/n --> OT1/cmr/bx/n on input line 3.
LaTeX Font Info:    Overwriting math alphabet `\mathsf' in version `zed'
(Font)                  OT1/cmss/m/n --> OT1/cmss/m/n on input line 4.
LaTeX Font Info:    Overwriting math alphabet `\mathtt' in version `zed'
(Font)                  OT1/cmtt/m/n --> OT1/cmtt/m/n on input line 5.
\symitalics=\mathgroup4
LaTeX Font Info:    Redeclaring math alphabet \mathrm on input line 7.
LaTeX Font Info:    Redeclaring math alphabet \mathit on input line 8.
LaTeX Font Info:    Redeclaring math alphabet \mathcal on input line 9.
\symlasy=\mathgroup5
\symAMSa=\mathgroup6
\symAMSb=\mathgroup7
LaTeX Info: Redefining \em on input line 45.
\c@theorem=\count90
\c@fact=\count91
\c@corollary=\count92
\c@proposition=\count93
\mathindent=\dimen102
) (/usr/share/texmf/tex/latex/graphics/graphicx.sty
Package: graphicx 1999/02/16 v1.0f Enhanced LaTeX Graphics (DPC,SPQR)

(/usr/share/texmf/tex/latex/graphics/keyval.sty
Package: keyval 1999/03/16 v1.13 key=value parser (DPC)
\KV@toks@=\toks14
)
(/usr/share/texmf/tex/latex/graphics/graphics.sty
Package: graphics 2001/07/07 v1.0n Standard LaTeX Graphics (DPC,SPQR)

(/usr/share/texmf/tex/latex/graphics/trig.sty
Package: trig 1999/03/16 v1.09 sin cos tan (DPC)
)
(/usr/share/texmf/tex/latex/config/graphics.cfg
File: graphics.cfg 2001/08/31 v1.1 graphics configuration of teTeX/TeXLive
)
Package graphics Info: Driver file: dvips.def on input line 80.

(/usr/share/texmf/tex/latex/graphics/dvips.def
File: dvips.def 1999/02/16 v3.0i Driver-dependant file (DPC,SPQR)
))
\Gin@req@height=\dimen103
\Gin@req@width=\dimen104
)
\c@definition=\count94
\c@example=\count95
 (./cneg_TPLP.aux)
\openout1 = `cneg_TPLP.aux'.

LaTeX Font Info:    Checking defaults for OML/cmm/m/it on input line 22.
LaTeX Font Info:    ... okay on input line 22.
LaTeX Font Info:    Checking defaults for T1/cmr/m/n on input line 22.
LaTeX Font Info:    ... okay on input line 22.
LaTeX Font Info:    Checking defaults for OT1/cmr/m/n on input line 22.
LaTeX Font Info:    ... okay on input line 22.
LaTeX Font Info:    Checking defaults for OMS/cmsy/m/n on input line 22.
LaTeX Font Info:    ... okay on input line 22.
LaTeX Font Info:    Checking defaults for OMX/cmex/m/n on input line 22.
LaTeX Font Info:    ... okay on input line 22.
LaTeX Font Info:    Checking defaults for U/cmr/m/n on input line 22.
LaTeX Font Info:    ... okay on input line 22.
LaTeX Font Info:    External font `cmex10' loaded for size
(Font)              <7> on input line 47.
LaTeX Font Info:    External font `cmex10' loaded for size
(Font)              <5> on input line 47.
LaTeX Font Info:    Try loading font information for U+lasy on input line 47.

(/usr/share/texmf/tex/latex/base/ulasy.fd
File: ulasy.fd 1998/08/17 v2.2e LaTeX symbol font definitions
)
LaTeX Font Info:    Try loading font information for U+msa on input line 47.

(/usr/share/texmf/tex/latex/amsfonts/umsa.fd
File: umsa.fd 2002/01/19 v2.2g AMS font definitions
)
LaTeX Font Info:    Try loading font information for U+msb on input line 47.

(/usr/share/texmf/tex/latex/amsfonts/umsb.fd
File: umsb.fd 2002/01/19 v2.2g AMS font definitions
)
LaTeX Font Info:    External font `cmex10' loaded for size
(Font)              <8> on input line 47.
LaTeX Font Info:    External font `cmex10' loaded for size
(Font)              <6> on input line 47.

Underfull \hbox (badness 10000) has occurred while \output is active

 []

[1]
Underfull \vbox (badness 2837) has occurred while \output is active []

 [2]
Missing character: There is no ^^e1 in font cmr10!

[3]
Missing character: There is no ^^e1 in font cmr10!
Missing character: There is no ^^e1 in font cmr10!
 [4]
Missing character: There is no ^^e1 in font cmr10!

Underfull \vbox (badness 3428) has occurred while \output is active []

 [5]
Overfull \hbox (11.16623pt too wide) in paragraph at lines 391--398
[]\OT1/cmr/m/n/10 By char-ac-ter-iz-ing con-struc-tive nega-tion in the CLP fra
me-work, Stuckey (Stuckey
 []

[6] [7] [8]
Underfull \hbox (badness 10000) in paragraph at lines 608--613

 []

[9]
File: frontier.eps Graphic file (type eps)
 <frontier.eps>
LaTeX Font Info:    External font `cmex10' loaded for size
(Font)              <9> on input line 643.
 [10]
Underfull \hbox (badness 10000) in paragraph at lines 716--720

 []


Underfull \hbox (badness 10000) in paragraph at lines 721--727

 []

[11]
Overfull \hbox (5.50839pt too wide) in paragraph at lines 836--856
\OT1/cmr/m/n/10 we negate this con-junc-tion of equal-i-ties we get the con-str
aint $[] \OMS/cmsy/m/n/10 _ [] _
 []

[12] [13] [14]
Overfull \hbox (12.79262pt too wide) in alignment at lines 1102--1116
 [] [] [] 
 []

[15]
Underfull \hbox (badness 10000) in paragraph at lines 1197--1203

 []


Underfull \hbox (badness 10000) in paragraph at lines 1216--1223

 []

[16]
Overfull \hbox (7.06288pt too wide) in paragraph at lines 1325--1348
\OT1/cmr/m/n/10 (Stuckey 1995) con-tains an-other ex-am-ple show-ing how a con-
struc-tive an-swer ($\OMS/cmsy/m/n/10 8\OT1/cmr/m/it/10 T[]X \OMS/cmsy/m/n/10 6
\OT1/cmr/m/n/10 =
 []


Underfull \vbox (badness 10000) has occurred while \output is active []

 [17]
Underfull \hbox (badness 10000) in paragraph at lines 1350--1366

 []

(./table.tex
Overfull \hbox (5.73393pt too wide) in alignment at lines 3--50
 [] [] [] [] [] 
 []

)
Underfull \vbox (badness 1383) has occurred while \output is active []

 [18]
Underfull \vbox (badness 4859) has occurred while \output is active []

 [19]
Overfull \hbox (19.23027pt too wide) in paragraph at lines 1519--1526
\OT1/cmr/m/it/10 c\OML/cmm/m/it/10 ; []\OT1/cmr/m/it/10 Y \OT1/cmr/m/n/10 = \OT
1/cmr/m/it/10 d$\OT1/cmr/m/n/10 , then, in the eval-u-a-tion of $\OT1/cmr/m/it/
10 cnegf\OT1/cmr/m/n/10 (\OT1/cmr/m/it/10 p\OT1/cmr/m/n/10 (\OT1/cmr/m/it/10 X\
OML/cmm/m/it/10 ; \OT1/cmr/m/it/10 Y\OT1/cmr/m/n/10 ))$, we will get $\OT1/cmr/
m/it/10 varset\OT1/cmr/m/n/10 (\OT1/cmr/m/it/10 p\OT1/cmr/m/n/10 (\OT1/cmr/m/it
/10 X\OML/cmm/m/it/10 ; \OT1/cmr/m/it/10 Y\OT1/cmr/m/n/10 )\OML/cmm/m/it/10 ; \
OT1/cmr/m/n/10 [\OT1/cmr/m/it/10 X\OML/cmm/m/it/10 ; \OT1/cmr/m/it/10 Y\OT1/cmr
/m/n/10 ])$,
 []

[20] (./table_cnegf.tex
Overfull \hbox (8.50507pt too wide) in alignment at lines 3--33
 [] [] [] [] [] 
 []

) [21] [22] (./cneg_TPLP.bbl
Missing character: There is no ^^e1 in font cmcsc10!
Missing character: There is no ^^e1 in font cmcsc10!
 [23] [24]) [25] [26] [27] [28]
File: graph.eps Graphic file (type eps)
 <graph.eps>
[29] [30] [31] [32] (./cneg_TPLP.aux) ) 
Here is how much of TeX's memory you used:
 1018 strings out of 95847
 10672 string characters out of 1195963
 66572 words of memory out of 1000001
 3937 multiletter control sequences out of 10000+50000
 14561 words of font info for 57 fonts, out of 500000 for 1000
 33 hyphenation exceptions out of 1000
 26i,13n,27p,219b,422s stack positions out of 1500i,500n,5000p,200000b,5000s

Output written on cneg_TPLP.dvi (32 pages, 113968 bytes).
